feb 28, 2020 9:52:59 PM AnalizadorLexico anterior
GRAVE: null
java.io.IOException: Negative seek offset
	at java.io.RandomAccessFile.seek(RandomAccessFile.java:555)
	at AnalizadorLexico.anterior(AnalizadorLexico.java:110)
	at AnalizadorLexico.siguienteToken(AnalizadorLexico.java:181)
	at testLexico.main(testLexico.java:22)

feb 28, 2020 9:52:59 PM AnalizadorLexico anterior
GRAVE: null
java.io.IOException: Negative seek offset
	at java.io.RandomAccessFile.seek(RandomAccessFile.java:555)
	at AnalizadorLexico.anterior(AnalizadorLexico.java:110)
	at AnalizadorLexico.siguienteToken(AnalizadorLexico.java:181)
	at testLexico.main(testLexico.java:22)

feb 28, 2020 9:52:59 PM AnalizadorLexico anterior
GRAVE: null
java.io.IOException: Negative seek offset
	at java.io.RandomAccessFile.seek(RandomAccessFile.java:555)
	at AnalizadorLexico.anterior(AnalizadorLexico.java:110)
	at AnalizadorLexico.siguienteToken(AnalizadorLexico.java:181)
	at testLexico.main(testLexico.java:22)

feb 28, 2020 9:52:59 PM AnalizadorLexico anterior
GRAVE: null
java.io.IOException: Negative seek offset
	at java.io.RandomAccessFile.seek(RandomAccessFile.java:555)
	at AnalizadorLexico.anterior(AnalizadorLexico.java:110)
	at AnalizadorLexico.siguienteToken(AnalizadorLexico.java:181)
	at testLexico.main(testLexico.java:22)

feb 28, 2020 9:52:59 PM AnalizadorLexico anterior
GRAVE: null
java.io.IOException: Negative seek offset
	at java.io.RandomAccessFile.seek(RandomAccessFile.java:555)
	at AnalizadorLexico.anterior(AnalizadorLexico.java:110)
	at AnalizadorLexico.siguienteToken(AnalizadorLexico.java:181)
	at testLexico.main(testLexico.java:22)

feb 28, 2020 9:52:59 PM AnalizadorLexico anterior
GRAVE: null
java.io.IOException: Negative seek offset
	at java.io.RandomAccessFile.seek(RandomAccessFile.java:555)
	at AnalizadorLexico.anterior(AnalizadorLexico.java:110)
	at AnalizadorLexico.siguienteToken(AnalizadorLexico.java:181)
	at testLexico.main(testLexico.java:22)

feb 28, 2020 9:52:59 PM AnalizadorLexico anterior
GRAVE: null
java.io.IOException: Negative seek offset
	at java.io.RandomAccessFile.seek(RandomAccessFile.java:555)
	at AnalizadorLexico.anterior(AnalizadorLexico.java:110)
	at AnalizadorLexico.siguienteToken(AnalizadorLexico.java:181)
	at testLexico.main(testLexico.java:22)

feb 28, 2020 9:52:59 PM AnalizadorLexico anterior
GRAVE: null
java.io.IOException: Negative seek offset
	at java.io.RandomAccessFile.seek(RandomAccessFile.java:555)
	at AnalizadorLexico.anterior(AnalizadorLexico.java:110)
	at AnalizadorLexico.siguienteToken(AnalizadorLexico.java:181)
	at testLexico.main(testLexico.java:22)

feb 28, 2020 9:52:59 PM AnalizadorLexico anterior
GRAVE: null
java.io.IOException: Negative seek offset
	at java.io.RandomAccessFile.seek(RandomAccessFile.java:555)
	at AnalizadorLexico.anterior(AnalizadorLexico.java:110)
	at AnalizadorLexico.siguienteToken(AnalizadorLexico.java:179)
	at testLexico.main(testLexico.java:22)

feb 28, 2020 9:52:59 PM AnalizadorLexico anterior
GRAVE: null
java.io.IOException: Negative seek offset
	at java.io.RandomAccessFile.seek(RandomAccessFile.java:555)
	at AnalizadorLexico.anterior(AnalizadorLexico.java:110)
	at AnalizadorLexico.siguienteToken(AnalizadorLexico.java:181)
	at testLexico.main(testLexico.java:22)

feb 28, 2020 9:52:59 PM AnalizadorLexico anterior
GRAVE: null
java.io.IOException: Negative seek offset
	at java.io.RandomAccessFile.seek(RandomAccessFile.java:555)
	at AnalizadorLexico.anterior(AnalizadorLexico.java:110)
	at AnalizadorLexico.siguienteToken(AnalizadorLexico.java:181)
	at testLexico.main(testLexico.java:22)

feb 28, 2020 9:52:59 PM AnalizadorLexico anterior
GRAVE: null
java.io.IOException: Negative seek offset
	at java.io.RandomAccessFile.seek(RandomAccessFile.java:555)
	at AnalizadorLexico.anterior(AnalizadorLexico.java:110)
	at AnalizadorLexico.siguienteToken(AnalizadorLexico.java:181)
	at testLexico.main(testLexico.java:22)

feb 28, 2020 9:52:59 PM AnalizadorLexico anterior
GRAVE: null
java.io.IOException: Negative seek offset
	at java.io.RandomAccessFile.seek(RandomAccessFile.java:555)
	at AnalizadorLexico.anterior(AnalizadorLexico.java:110)
	at AnalizadorLexico.siguienteToken(AnalizadorLexico.java:181)
	at testLexico.main(testLexico.java:22)

feb 28, 2020 9:52:59 PM AnalizadorLexico anterior
GRAVE: null
java.io.IOException: Negative seek offset
	at java.io.RandomAccessFile.seek(RandomAccessFile.java:555)
	at AnalizadorLexico.anterior(AnalizadorLexico.java:110)
	at AnalizadorLexico.siguienteToken(AnalizadorLexico.java:181)
	at testLexico.main(testLexico.java:22)

feb 28, 2020 9:52:59 PM AnalizadorLexico anterior
GRAVE: null
java.io.IOException: Negative seek offset
	at java.io.RandomAccessFile.seek(RandomAccessFile.java:555)
	at AnalizadorLexico.anterior(AnalizadorLexico.java:110)
	at AnalizadorLexico.siguienteToken(AnalizadorLexico.java:179)
	at testLexico.main(testLexico.java:22)

feb 28, 2020 9:52:59 PM AnalizadorLexico anterior
GRAVE: null
java.io.IOException: Negative seek offset
	at java.io.RandomAccessFile.seek(RandomAccessFile.java:555)
	at AnalizadorLexico.anterior(AnalizadorLexico.java:110)
	at AnalizadorLexico.siguienteToken(AnalizadorLexico.java:179)
	at testLexico.main(testLexico.java:22)

feb 28, 2020 9:52:59 PM AnalizadorLexico anterior
GRAVE: null
java.io.IOException: Negative seek offset
	at java.io.RandomAccessFile.seek(RandomAccessFile.java:555)
	at AnalizadorLexico.anterior(AnalizadorLexico.java:110)
	at AnalizadorLexico.siguienteToken(AnalizadorLexico.java:181)
	at testLexico.main(testLexico.java:22)

feb 28, 2020 9:52:59 PM AnalizadorLexico anterior
GRAVE: null
java.io.IOException: Negative seek offset
	at java.io.RandomAccessFile.seek(RandomAccessFile.java:555)
	at AnalizadorLexico.anterior(AnalizadorLexico.java:110)
	at AnalizadorLexico.siguienteToken(AnalizadorLexico.java:171)
	at testLexico.main(testLexico.java:22)

feb 28, 2020 9:52:59 PM AnalizadorLexico anterior
GRAVE: null
java.io.IOException: Negative seek offset
	at java.io.RandomAccessFile.seek(RandomAccessFile.java:555)
	at AnalizadorLexico.anterior(AnalizadorLexico.java:110)
	at AnalizadorLexico.siguienteToken(AnalizadorLexico.java:172)
	at testLexico.main(testLexico.java:22)

feb 28, 2020 9:52:59 PM AnalizadorLexico anterior
GRAVE: null
java.io.IOException: Negative seek offset
	at java.io.RandomAccessFile.seek(RandomAccessFile.java:555)
	at AnalizadorLexico.anterior(AnalizadorLexico.java:110)
	at AnalizadorLexico.siguienteToken(AnalizadorLexico.java:181)
	at testLexico.main(testLexico.java:22)

Error lexico (13,25): caracter ''' incorrecto
